DEBUG main pdgf.Controller - execution root folder: /Users/shlee0605/Downloads/E-commerce_Query-Shark/BigDataGeneratorSuite/Table_datagen/e-com
DEBUG main pdgf.Controller - found plugin folder: /Users/shlee0605/Downloads/E-commerce_Query-Shark/BigDataGeneratorSuite/Table_datagen/e-com/lib
DEBUG main pdgf.util.ClassLoading.PluginLoader - Adding File: javassist.jar to classpath
DEBUG main pdgf.util.ClassLoading.PluginLoader - Adding File: log4j-1.2.16.jar to classpath
DEBUG main pdgf.util.ClassLoading.PluginLoader - Adding File: lucene-core-3.6.0.jar to classpath
DEBUG main pdgf.util.ClassLoading.PluginLoader - Adding File: lucene-spellchecker-3.6.0.jar to classpath
DEBUG main pdgf.util.ClassLoading.PluginLoader - Adding File: resolver.jar to classpath
DEBUG main pdgf.util.ClassLoading.PluginLoader - Adding File: serializer.jar to classpath
DEBUG main pdgf.util.ClassLoading.PluginLoader - Adding File: xercesImpl.jar to classpath
DEBUG main pdgf.util.ClassLoading.PluginLoader - Adding File: xml-apis.jar to classpath
DEBUG main pdgf.util.ClassLoading.PluginLoader - Adding File: pdgf.jar to classpath
INFO main pdgf.Controller - ################################################################################
                     PDGF_Demo(single cpu) v3.0_SVNrev88_b4
                       Parallel Data Generation Framework
    by: Frank M., Danisch M., Rabl T. http://www.paralleldatageneration.org
################################################################################
for a command overview start with commandline parameter: -help
or type "help" in the built in shell: PDGF:> 

INFO main pdgf.actions.SetCloseWhenDoneAction - Set closeWhenDone from: false to: true
INFO main pdgf.actions.SetWorkersAction - Set Workers from 1 to: 1
INFO main pdgf.actions.SetScaleFactorAction - Set project main scale factor from -notSet- to 50
WARN main pdgf.core.dbSchema.Project - set XML <property name="SF"> to: 50.0
DEBUG main pdgf.actions.LoadConfigAction - Config file "e-com-schema.xml" not found. Searching for file in standard config file dir: config/
INFO main pdgf.actions.LoadConfigAction - 
Loading cfg file: /Users/shlee0605/Downloads/E-commerce_Query-Shark/BigDataGeneratorSuite/Table_datagen/e-com/config/e-com-schema.xml
INFO main pdgf.core.dbSchema.Project - Loading  <schema> config file
INFO main pdgf.core.dbSchema.Project - 12: XML <property name="SF">5.0E7 was already defined in config file or is manually overridden by a user set commandline argument. Currently assigned value: '50.0' and will remain unchanged at this value
DEBUG main pdgf.core.dbSchema.Project - Load time for config file (ms):87
INFO main pdgf.core.dbSchema.Project - Loading sucessfull.
DEBUG main pdgf.actions.LoadConfigAction - Config file "e-com-generation.xml" not found. Searching for file in standard config file dir: config/
INFO main pdgf.actions.LoadConfigAction - 
Loading cfg file: /Users/shlee0605/Downloads/E-commerce_Query-Shark/BigDataGeneratorSuite/Table_datagen/e-com/config/e-com-generation.xml
INFO main pdgf.core.dbSchema.Project - Loading  <generation> config file
DEBUG main pdgf.output.FileOutputSkeleton - CSVRowOutput - use File ending for output: .txt
DEBUG main pdgf.core.dbSchema.Project - Load time for config file (ms):18
INFO main pdgf.core.dbSchema.Project - Loading sucessfull.
INFO main pdgf.core.dbSchema.Project - All required config files are loaded.
INFO main pdgf.core.dataGenerator.DataGenerator - Initializing system...
DEBUG main pdgf.core.dataGenerator.DataGenerator - preinitialization of project finished. Next task: cloning per worker
INFO main pdgf.core.dataGenerator.DataGenerator - initialized 0h:00m:00s:310ms
INFO main pdgf.core.dataGenerator.DataGenerator - Starting data generation proccess...
INFO main pdgf.core.dataGenerator.scheduler.MetaScheduler - 
generating 1/2 "OS_ORDER"	  rows: 5000000 of 5000000
DEBUG Worker0/1 pdgf.core.dataGenerator.worker.AbstractWorker - Node: 1 worker 1/1 is now running
DEBUG main pdgf.core.dataGenerator.scheduler.MetaScheduler - Data generation procces started on node 1/1. Created 1 workers for this task.
DEBUG Worker0/1 pdgf.core.dataGenerator.scheduler.DefaultScheduler - UpdateScheduler: Rows: 4999999 fields per second: 7556673
INFO :PausedThread pdgf.core.dataGenerator.scheduler.MetaScheduler -   finished 1/2 "OS_ORDER"	  in: 0h:00m:02s:31ms size: 126.6 MiB speed: 62.3 MiB/s
INFO :PausedThread pdgf.core.dataGenerator.scheduler.MetaScheduler - 
generating 2/2 "OS_ORDER_ITEM"	  rows: 5000000 of 5000000
DEBUG Worker0/1 pdgf.core.dataGenerator.scheduler.DefaultScheduler - UpdateScheduler: Rows: 4999999 fields per second: 3093101
INFO :PausedThread pdgf.core.dataGenerator.scheduler.MetaScheduler -   finished 2/2 "OS_ORDER_ITEM"	  in: 0h:00m:09s:700ms size: 237.1 MiB speed: 24.4 MiB/s
INFO :PausedThread pdgf.core.dataGenerator.DataGenerator - All work done
DEBUG :PausedThread pdgf.core.dataGenerator.scheduler.MetaScheduler - Node 1: All workers stopped successfully!
DEBUG :PausedThread pdgf.core.dataGenerator.DataGenerator - Node 1 Max time of a worker: 0h:00m:11s:738ms average time: 0h:00m:11s:738ms
DEBUG :PausedThread pdgf.core.dataGenerator.DataGenerator - Node 1 Generator overall time: 0h:00m:11s:756ms
INFO :PausedThread pdgf.core.dataGenerator.DataGenerator - Statistics
=========
Overall time	0h:00m:11s:756ms
Generated	363.7 MiB
Speed		30.9 MiB/s

INFO :PausedThread pdgf.core.dataGenerator.DataGenerator - Node 1. logged detailed processing statistics to file:/Users/shlee0605/Downloads/E-commerce_Query-Shark/BigDataGeneratorSuite/Table_datagen/e-com/logs/GenerationStatistics_1.csv
INFO :PausedThread pdgf.core.dataGenerator.DataGenerator - Node 1. logged detailed processing statistics to file:/Users/shlee0605/Downloads/E-commerce_Query-Shark/BigDataGeneratorSuite/Table_datagen/e-com/logs/TableGenerationStatistics_1.csv
DEBUG :PausedThread pdgf.core.dataGenerator.DataGenerator - 1427089317345;1;1;item;50.0;1;ALL#SCHEDULERS;5772000;5300000;0;0;0;0;5772000;100.0;1.049
1427089317345;1;1;item;50.0;1;ALL#worker#0;11436010000;10429588000;0;0;4;41000000;11477010000;99.643;98.278
1427089317345;1;1;item;50.0;1;All#PausedThread;24227000;1621000;0;0;0;0;24227000;100.0;1.206
1427089317345;1;1;item;50.0;1;pdgf.core.dataGenerator.scheduler.DefaultScheduler#OS_ORDER;4416000;4429000;0;0;0;0;4416000;100.0;1.038
1427089317345;1;1;item;50.0;1;pdgf.core.dataGenerator.scheduler.DefaultScheduler#OS_ORDER_ITEM;96000;47000;0;0;0;0;96000;99.999;1.001
1427089317345;1;1;item;50.0;1;pdgf.core.dataGenerator.worker.RowWorker#worker#0;11435983000;10429566000;0;0;4;41000000;11476983000;99.643;98.278
item;item;item;
1427089317345;1;1;50.0;1;ALL;11756;381391010;30.9 MiB/s;
1427089317345;1;1;50.0;1;OS_ORDER;2031;132777780;62.3 MiB/s;
1427089317345;1;1;50.0;1;OS_ORDER_ITEM;9700;248613230;24.4 MiB/s;

INFO :PausedThread pdgf.core.dataGenerator.DataGenerator - Time to stop and flush everything: 0h:00m:00s:10ms
DEBUG ShutdownHook pdgf.core.dataGenerator.scheduler.MetaScheduler - Node 1: All workers stopped successfully!
